Project Root: /Users/emvaldes/.repos/devops/workflows
sys.path: ['/Users/emvaldes/.repos/devops/workflows/packages', '/Users/emvaldes/.repos/devops/workflows/lib', '/Users/emvaldes/.repos/devops/workflows', '/usr/local/Cellar/python@3.13/3.13.2/Frameworks/Python.framework/Versions/3.13/lib/python313.zip', '/usr/local/Cellar/python@3.13/3.13.2/Frameworks/Python.framework/Versions/3.13/lib/python3.13', '/usr/local/Cellar/python@3.13/3.13.2/Frameworks/Python.framework/Versions/3.13/lib/python3.13/lib-dynload', '/Users/emvaldes/Library/Python/3.13/lib/python/site-packages', '/usr/local/lib/python3.13/site-packages']
[92m[CALL] packages/appflow_tracer/tracing ( file_utils.manage_logfiles(CONFIGS) )[0m
[92m[CALL] packages/appflow_tracer/tracing (setup_logging)[219] -> packages/appflow_tracer/lib/file_utils (manage_logfiles)[96][0m
{"configs":{"colors":{"CALL":"\u001b[92m","RETURN":"\u001b[93m","IMPORT":"\u001b[94m","DEBUG":"\u001b[96m","INFO":"\u001b[97m","WARNING":"\u001b[91m","ERROR":"\u001b[31m","CRITICAL":"\u001b[41m","RESET":"\u001b[0m"},"logging":{"enable":true,"max_logfiles":5,"package_name":"requirements","module_name":"dependencies","logs_dirname":"logs/requirements","log_filename":"logs/requirements/dependencies_20250302165456.log"},"tracing":{"enable":true,"json":{"compressed":true}},"events":{"call":true,"return":true,"import":false},"stats":{"created":"2025-03-02T20:06:35.211933+00:00","updated":"2025-03-02T23:54:56.544717+00:00"}}}
[92m[CALL] packages/appflow_tracer/lib/file_utils ( log_files = sorted( )[0m
[92m[CALL] packages/appflow_tracer/lib/file_utils (manage_logfiles)[135] -> packages/appflow_tracer/lib/file_utils (<lambda>)[137][0m
{"f":"logs/requirements/dependencies_20250302164541.log"}
[93m[RETURN] packages/appflow_tracer/lib/file_utils[137] ( key=lambda f:f.stat().st_mtime ) -> float:[0m
1740959141.7215576
[92m[CALL] packages/appflow_tracer/lib/file_utils ( log_files = sorted( )[0m
[92m[CALL] packages/appflow_tracer/lib/file_utils (manage_logfiles)[135] -> packages/appflow_tracer/lib/file_utils (<lambda>)[137][0m
{"f":"logs/requirements/dependencies_20250302165456.log"}
[93m[RETURN] packages/appflow_tracer/lib/file_utils[137] ( key=lambda f:f.stat().st_mtime ) -> float:[0m
1740959696.5743845
[92m[CALL] packages/appflow_tracer/lib/file_utils ( log_files = sorted( )[0m
[92m[CALL] packages/appflow_tracer/lib/file_utils (manage_logfiles)[135] -> packages/appflow_tracer/lib/file_utils (<lambda>)[137][0m
{"f":"logs/requirements/dependencies_20250302165034.log"}
[93m[RETURN] packages/appflow_tracer/lib/file_utils[137] ( key=lambda f:f.stat().st_mtime ) -> float:[0m
1740959434.6929593
[92m[CALL] packages/appflow_tracer/lib/file_utils ( log_files = sorted( )[0m
[92m[CALL] packages/appflow_tracer/lib/file_utils (manage_logfiles)[135] -> packages/appflow_tracer/lib/file_utils (<lambda>)[137][0m
{"f":"logs/requirements/dependencies_20250302164853.log"}
[93m[RETURN] packages/appflow_tracer/lib/file_utils[137] ( key=lambda f:f.stat().st_mtime ) -> float:[0m
1740959333.397815
[92m[CALL] packages/appflow_tracer/lib/file_utils ( log_files = sorted( )[0m
[92m[CALL] packages/appflow_tracer/lib/file_utils (manage_logfiles)[135] -> packages/appflow_tracer/lib/file_utils (<lambda>)[137][0m
{"f":"logs/requirements/dependencies_20250302165231.log"}
[93m[RETURN] packages/appflow_tracer/lib/file_utils[137] ( key=lambda f:f.stat().st_mtime ) -> float:[0m
1740959551.7771482
[93m[RETURN] packages/appflow_tracer/lib/file_utils[152] ( return deleted_logs ) -> list:[0m
[92m[CALL] packages/requirements/dependencies ( print(f'CONFIGS: {json.dumps(CONFIGS,indent=environment.default_indent)}') )[0m
[92m[CALL] packages/requirements/dependencies (main)[487] -> packages/appflow_tracer/tracing (<lambda>)[201][0m
[92m[CALL] packages/appflow_tracer/tracing ( builtins.print=lambda*args,**kwargs:logger.info(" ".join(str(arg)for arg in args)) )[0m
[92m[CALL] packages/appflow_tracer/tracing (<lambda>)[201] -> packages/appflow_tracer/tracing (<genexpr>)[201][0m
{".0":"<tuple_iterator object at 0x10edac5e0>"}
[93m[RETURN] packages/appflow_tracer/tracing[201] ( builtins.print=lambda*args,**kwargs:logger.info(" ".join(str(arg)for arg in args)) ) -> str:[0m
CONFIGS: {
    "colors": {
        "CALL": "\u001b[92m",
        "RETURN": "\u001b[93m",
        "IMPORT": "\u001b[94m",
        "DEBUG": "\u001b[96m",
        "INFO": "\u001b[97m",
        "WARNING": "\u001b[91m",
        "ERROR": "\u001b[31m",
        "CRITICAL": "\u001b[41m",
        "RESET": "\u001b[0m"
    },
    "logging": {
        "enable": true,
        "max_logfiles": 5,
        "package_name": "requirements",
        "module_name": "dependencies",
        "logs_dirname": "logs/requirements",
        "log_filename": "logs/requirements/dependencies_20250302165456.log"
    },
    "tracing": {
        "enable": true,
        "json": {
            "compressed": true
        }
    },
    "events": {
        "call": true,
        "return": true,
        "import": false
    },
    "stats": {
        "created": "2025-03-02T20:06:35.211933+00:00",
        "updated": "2025-03-02T23:54:56.544717+00:00"
    }
}
[92m[CALL] packages/appflow_tracer/tracing ( builtins.print=lambda*args,**kwargs:logger.info(" ".join(str(arg)for arg in args)) )[0m
[92m[CALL] packages/appflow_tracer/tracing (<lambda>)[201] -> packages/appflow_tracer/tracing (<genexpr>)[201][0m
{".0":"<tuple_iterator object at 0x10edac5e0>"}
[93m[RETURN] packages/appflow_tracer/tracing[201] ( builtins.print=lambda*args,**kwargs:logger.info(" ".join(str(arg)for arg in args)) ) -> NoneType: None[0m
CONFIGS: {
    "colors": {
        "CALL": "\u001b[92m",
        "RETURN": "\u001b[93m",
        "IMPORT": "\u001b[94m",
        "DEBUG": "\u001b[96m",
        "INFO": "\u001b[97m",
        "WARNING": "\u001b[91m",
        "ERROR": "\u001b[31m",
        "CRITICAL": "\u001b[41m",
        "RESET": "\u001b[0m"
    },
    "logging": {
        "enable": true,
        "max_logfiles": 5,
        "package_name": "requirements",
        "module_name": "dependencies",
        "logs_dirname": "logs/requirements",
        "log_filename": "logs/requirements/dependencies_20250302165456.log"
    },
    "tracing": {
        "enable": true,
        "json": {
            "compressed": true
        }
    },
    "events": {
        "call": true,
        "return": true,
        "import": false
    },
    "stats": {
        "created": "2025-03-02T20:06:35.211933+00:00",
        "updated": "2025-03-02T23:54:56.544717+00:00"
    }
}
[93m[RETURN] packages/appflow_tracer/tracing[201] ( builtins.print=lambda*args,**kwargs:logger.info(" ".join(str(arg)for arg in args)) ) -> NoneType: None[0m
[92m[CALL] packages/requirements/dependencies ( args=parse_arguments() )[0m
[92m[CALL] packages/requirements/dependencies (main)[490] -> packages/requirements/dependencies (parse_arguments)[343][0m
[93m[RETURN] packages/requirements/dependencies[367] ( return parser.parse_args() ) -> NoneType: None[0m
[92m[CALL] /usr/local/Cellar/python@3.13/3.13.2/Frameworks/Python.framework/Versions/3.13/lib/python3.13/pydoc ( print(value) )[0m
[92m[CALL] /usr/local/Cellar/python@3.13/3.13.2/Frameworks/Python.framework/Versions/3.13/lib/python3.13/pydoc (cli)[2809] -> packages/appflow_tracer/tracing (<lambda>)[201][0m
[92m[CALL] packages/appflow_tracer/tracing ( builtins.print=lambda*args,**kwargs:logger.info(" ".join(str(arg)for arg in args)) )[0m
[92m[CALL] packages/appflow_tracer/tracing (<lambda>)[201] -> packages/appflow_tracer/tracing (<genexpr>)[201][0m
{".0":"<tuple_iterator object at 0x10f5ddbd0>"}
[93m[RETURN] packages/appflow_tracer/tracing[201] ( builtins.print=lambda*args,**kwargs:logger.info(" ".join(str(arg)for arg in args)) ) -> str:[0m
problem in scripts.devops-workflow - SystemExit: 2
[92m[CALL] packages/appflow_tracer/tracing ( builtins.print=lambda*args,**kwargs:logger.info(" ".join(str(arg)for arg in args)) )[0m
[92m[CALL] packages/appflow_tracer/tracing (<lambda>)[201] -> packages/appflow_tracer/tracing (<genexpr>)[201][0m
{".0":"<tuple_iterator object at 0x10f5ddbd0>"}
[93m[RETURN] packages/appflow_tracer/tracing[201] ( builtins.print=lambda*args,**kwargs:logger.info(" ".join(str(arg)for arg in args)) ) -> NoneType: None[0m
problem in scripts.devops-workflow - SystemExit: 2
[93m[RETURN] packages/appflow_tracer/tracing[201] ( builtins.print=lambda*args,**kwargs:logger.info(" ".join(str(arg)for arg in args)) ) -> NoneType: None[0m
